<?xml version="1.0" encoding="UTF-8"?>
<!-- Generated by org.testng.reporters.JUnitReportReporter -->
<testsuite hostname="LAPTOP-9TQ9O0CR" failures="0" tests="1" name="com.facebook.testcases.LoginTest" time="17.251" errors="0" timestamp="08 Feb 2022 14:56:54 GMT" skipped="0">
  <testcase classname="com.facebook.testcases.LoginTest" name="VerifyLogin" time="17.251"/>
</testsuite> <!-- com.facebook.testcases.LoginTest -->
