<?xml version="1.0" encoding="UTF-8"?>
<!-- Generated by org.testng.reporters.JUnitReportReporter -->
<testsuite hostname="LAPTOP-9TQ9O0CR" failures="0" tests="1" name="com.facebook.pages.HomePage" time="21.965" errors="0" timestamp="06 Feb 2022 17:19:40 GMT" skipped="0">
  <testcase classname="com.facebook.pages.HomePage" name="searchVaishnavi" time="21.965"/>
</testsuite> <!-- com.facebook.pages.HomePage -->
